<?xml version="1.0" encoding="UTF-8"?>
<!-- Generated by org.testng.reporters.JUnitXMLReporter -->
<testsuite hostname="LAPTOP-D5VLHENF" ignored="3" tests="2" failures="0" timestamp="2022-04-08T03:50:27 YAKT" time="7.905" errors="0">
  <testcase name="testObtuseIsoscelesTriangle" time="4.008" classname="TestGrid4TestNG"/>
  <testcase name="testRightScaleneTriangle" time="3.893" classname="TestGrid4TestNG"/>
  <testcase name="testEquilateralTriangle" time="0.0" classname="TestGrid4TestNG">
    <ignored/>
  </testcase> <!-- testEquilateralTriangle -->
  <testcase name="testNotExistTriangle" time="0.0" classname="TestGrid4TestNG">
    <ignored/>
  </testcase> <!-- testNotExistTriangle -->
  <testcase name="testEmptyField" time="0.0" classname="TestGrid4TestNG">
    <ignored/>
  </testcase> <!-- testEmptyField -->
</testsuite>
