<?xml version="1.0" encoding="UTF-8"?>
<!-- Generated by org.testng.reporters.JUnitXMLReporter -->
<testsuite hostname="LAPTOP-D5VLHENF" ignored="2" tests="3" failures="0" timestamp="2022-04-08T03:50:19 YAKT" time="26.417" errors="0">
  <testcase name="testEmptyField" time="8.772" classname="TestGrid4TestNG"/>
  <testcase name="testEquilateralTriangle" time="9.562" classname="TestGrid4TestNG"/>
  <testcase name="testNotExistTriangle" time="8.042" classname="TestGrid4TestNG"/>
  <testcase name="testObtuseIsoscelesTriangle" time="0.0" classname="TestGrid4TestNG">
    <ignored/>
  </testcase> <!-- testObtuseIsoscelesTriangle -->
  <testcase name="testRightScaleneTriangle" time="0.0" classname="TestGrid4TestNG">
    <ignored/>
  </testcase> <!-- testRightScaleneTriangle -->
</testsuite>
