<?xml version="1.0" encoding="UTF-8"?>
<testng-results skipped="0" failed="0" ignored="5" total="10" passed="5">
  <reporter-output>
  </reporter-output>
  <suite name="Suite" duration-ms="34332" started-at="2022-04-08T03:49:53 YAKT" finished-at="2022-04-08T03:50:27 YAKT">
    <groups>
    </groups>
    <test name="FirefoxTest" duration-ms="26417" started-at="2022-04-08T03:49:53 YAKT" finished-at="2022-04-08T03:50:19 YAKT">
      <class name="TestGrid4TestNG">
        <test-method status="PASS" signature="setUp()[pri:0, instance:TestGrid4TestNG@18bf3d14]" name="setUp" is-config="true" duration-ms="6" started-at="2022-04-08T03:49:53 YAKT" finished-at="2022-04-08T03:49:53 YAKT">
          <reporter-output>
          </reporter-output>
        </test-method> <!-- setUp -->
        <test-method status="PASS" signature="testEmptyField()[pri:0, instance:TestGrid4TestNG@18bf3d14]" name="testEmptyField" duration-ms="8772" started-at="2022-04-08T03:49:53 YAKT" finished-at="2022-04-08T03:50:02 YAKT">
          <reporter-output>
          </reporter-output>
        </test-method> <!-- testEmptyField -->
        <test-method status="PASS" signature="testEquilateralTriangle()[pri:0, instance:TestGrid4TestNG@18bf3d14]" name="testEquilateralTriangle" duration-ms="9562" started-at="2022-04-08T03:50:02 YAKT" finished-at="2022-04-08T03:50:11 YAKT">
          <reporter-output>
          </reporter-output>
        </test-method> <!-- testEquilateralTriangle -->
        <test-method status="PASS" signature="testNotExistTriangle()[pri:0, instance:TestGrid4TestNG@18bf3d14]" name="testNotExistTriangle" duration-ms="8042" started-at="2022-04-08T03:50:11 YAKT" finished-at="2022-04-08T03:50:19 YAKT">
          <reporter-output>
          </reporter-output>
        </test-method> <!-- testNotExistTriangle -->
      </class> <!-- TestGrid4TestNG -->
    </test> <!-- FirefoxTest -->
    <test name="ChromeTest" duration-ms="7905" started-at="2022-04-08T03:50:19 YAKT" finished-at="2022-04-08T03:50:27 YAKT">
      <class name="TestGrid4TestNG">
        <test-method status="PASS" signature="setUp()[pri:0, instance:TestGrid4TestNG@b3d7190]" name="setUp" is-config="true" duration-ms="0" started-at="2022-04-08T03:50:19 YAKT" finished-at="2022-04-08T03:50:19 YAKT">
          <reporter-output>
          </reporter-output>
        </test-method> <!-- setUp -->
        <test-method status="PASS" signature="testObtuseIsoscelesTriangle()[pri:0, instance:TestGrid4TestNG@b3d7190]" name="testObtuseIsoscelesTriangle" duration-ms="4008" started-at="2022-04-08T03:50:19 YAKT" finished-at="2022-04-08T03:50:23 YAKT">
          <reporter-output>
          </reporter-output>
        </test-method> <!-- testObtuseIsoscelesTriangle -->
        <test-method status="PASS" signature="testRightScaleneTriangle()[pri:0, instance:TestGrid4TestNG@b3d7190]" name="testRightScaleneTriangle" duration-ms="3893" started-at="2022-04-08T03:50:23 YAKT" finished-at="2022-04-08T03:50:27 YAKT">
          <reporter-output>
          </reporter-output>
        </test-method> <!-- testRightScaleneTriangle -->
      </class> <!-- TestGrid4TestNG -->
    </test> <!-- ChromeTest -->
  </suite> <!-- Suite -->
</testng-results>
