-------------------------------------------------------------------------------
Test set: online_tusur.unit_online_tusur.StudentTest
-------------------------------------------------------------------------------
Tests run: 7, Failures: 1, Errors: 0, Skipped: 0, Time elapsed: 0.11 s <<< FAILURE! - in online_tusur.unit_online_tusur.StudentTest
testFirstName_double  Time elapsed: 0.01 s  <<< FAILURE!
org.opentest4j.AssertionFailedError: expected: <Алла-Виктория> but was: <Алла-виктория>
	at online_tusur.unit_online_tusur.StudentTest.testFirstName_double(StudentTest.java:107)

