<?xml version="1.0" encoding="UTF-8"?>
<!-- Generated by org.testng.reporters.JUnitXMLReporter -->
<testsuite hostname="LAPTOP-D5VLHENF" ignored="0" name="Test" tests="7" failures="3" timestamp="2022-02-18T04:19:49 YAKT" time="0.043" errors="0">
  <testcase name="TestNG_AgeAvg" time="0.006" classname="online_tusur.unit_online_tusur.StudentTestNGParam"/>
  <testcase name="testNG_getAge" time="0.002" classname="online_tusur.unit_online_tusur.GetAgeTest"/>
  <testcase name="testNG_getAge" time="0.001" classname="online_tusur.unit_online_tusur.GetAgeTest">
    <failure type="java.lang.AssertionError" message="expected [18] but found [50]">
      <![CDATA[java.lang.AssertionError: expected [18] but found [50]
at online_tusur.unit_online_tusur.GetAgeTest.testNG_getAge(StudentTestNGDynam.java:55)
at java.util.ArrayList.forEach(ArrayList.java:1257)
... Removed 33 stack frames]]>
    </failure>
  </testcase> <!-- testNG_getAge -->
  <testcase name="testNG_getFirstName" time="0.001" classname="online_tusur.unit_online_tusur.GetFirstNameTest"/>
  <testcase name="testNG_getFirstName" time="0.0" classname="online_tusur.unit_online_tusur.GetFirstNameTest">
    <failure type="java.lang.AssertionError" message="expected [Alla-victoria] but found [Alla-Victoria]">
      <![CDATA[java.lang.AssertionError: expected [Alla-victoria] but found [Alla-Victoria]
at online_tusur.unit_online_tusur.GetFirstNameTest.testNG_getFirstName(StudentTestNGDynam.java:42)
at java.util.ArrayList.forEach(ArrayList.java:1257)
... Removed 33 stack frames]]>
    </failure>
  </testcase> <!-- testNG_getFirstName -->
  <testcase name="testNG_getLastName" time="0.001" classname="online_tusur.unit_online_tusur.GetLastNameTest"/>
  <testcase name="testNG_getLastName" time="0.001" classname="online_tusur.unit_online_tusur.GetLastNameTest">
    <failure type="java.lang.AssertionError" message="expected [Petrova-sergeeva] but found [Petrova-Sergeeva]">
      <![CDATA[java.lang.AssertionError: expected [Petrova-sergeeva] but found [Petrova-Sergeeva]
at online_tusur.unit_online_tusur.GetLastNameTest.testNG_getLastName(StudentTestNGDynam.java:29)
at java.util.ArrayList.forEach(ArrayList.java:1257)
... Removed 33 stack frames]]>
    </failure>
  </testcase> <!-- testNG_getLastName -->
</testsuite> <!-- Test -->
