<?xml version="1.0" encoding="UTF-8"?>
<!-- Generated by org.testng.reporters.JUnitXMLReporter -->
<testsuite hostname="LAPTOP-D5VLHENF" ignored="0" tests="5" failures="0" timestamp="2022-04-08T02:26:19 YAKT" time="32.8" errors="0">
  <testcase name="testEmptyField" time="8.644" classname="TestGrid4TestNG"/>
  <testcase name="testEquilateralTriangle" time="8.159" classname="TestGrid4TestNG"/>
  <testcase name="testNotExistTriangle" time="8.015" classname="TestGrid4TestNG"/>
  <testcase name="testObtuseIsoscelesTriangle" time="4.075" classname="TestGrid4TestNG"/>
  <testcase name="testRightScaleneTriangle" time="3.865" classname="TestGrid4TestNG"/>
</testsuite>
