-------------------------------------------------------------------------------
Test set: TestTriangle
-------------------------------------------------------------------------------
Tests run: 5, Failures: 1, Errors: 0, Skipped: 0, Time elapsed: 12.074 s <<< FAILURE! - in TestTriangle
testObtuseIsoscelesTriangle  Time elapsed: 1.426 s  <<< FAILURE!
org.junit.ComparisonFailure: expected:<[]Obtuse Isosceles Tri...> but was:<[-]Obtuse Isosceles Tri...>
	at TestTriangle.testObtuseIsoscelesTriangle(TestTriangle.java:121)

